2022-07-05 16:21:56,767 p=24253 u=devops n=ansible | PLAY [Setting password age value to 90 in /etc/shadow] *************************************************************************************
2022-07-05 16:21:56,779 p=24253 u=devops n=ansible | TASK [Checking compliance] *****************************************************************************************************************
2022-07-05 16:21:56,891 p=24253 u=devops n=ansible | skipping: [node01] => (item=root::18940:1:90:7:::) 
2022-07-05 16:21:56,894 p=24253 u=devops n=ansible | skipping: [node01] => (item=bin:*:18367:0:99999:7:::) 
2022-07-05 16:21:56,898 p=24253 u=devops n=ansible | skipping: [node01] => (item=daemon:*:18367:0:99999:7:::) 
2022-07-05 16:21:56,902 p=24253 u=devops n=ansible | skipping: [node01] => (item=adm:*:18367:0:99999:7:::) 
2022-07-05 16:21:56,906 p=24253 u=devops n=ansible | skipping: [node01] => (item=lp:*:18367:0:99999:7:::) 
2022-07-05 16:21:56,912 p=24253 u=devops n=ansible | skipping: [node01] => (item=sync:*:18367:0:99999:7:::) 
2022-07-05 16:21:56,950 p=24253 u=devops n=ansible | skipping: [node01] => (item=shutdown:*:18367:0:99999:7:::) 
2022-07-05 16:21:56,950 p=24253 u=devops n=ansible | skipping: [node01] => (item=halt:*:18367:0:99999:7:::) 
2022-07-05 16:21:56,951 p=24253 u=devops n=ansible | skipping: [node01] => (item=mail:*:18367:0:99999:7:::) 
2022-07-05 16:21:56,951 p=24253 u=devops n=ansible | skipping: [node01] => (item=operator:*:18367:0:99999:7:::) 
2022-07-05 16:21:56,951 p=24253 u=devops n=ansible | skipping: [node01] => (item=games:*:18367:0:99999:7:::) 
2022-07-05 16:21:56,953 p=24253 u=devops n=ansible | skipping: [node01] => (item=ftp:*:18367:0:99999:7:::) 
2022-07-05 16:21:56,958 p=24253 u=devops n=ansible | skipping: [node01] => (item=nobody:*:18367:0:99999:7:::) 
2022-07-05 16:21:56,970 p=24253 u=devops n=ansible | skipping: [node01] => (item=dbus:!!:18915::::::) 
2022-07-05 16:21:56,984 p=24253 u=devops n=ansible | skipping: [node01] => (item=systemd-coredump:!!:18915::::::) 
2022-07-05 16:21:56,995 p=24253 u=devops n=ansible | skipping: [node01] => (item=systemd-resolve:!!:18915::::::) 
2022-07-05 16:21:57,005 p=24253 u=devops n=ansible | skipping: [node01] => (item=tss:!!:18915::::::) 
2022-07-05 16:21:57,014 p=24253 u=devops n=ansible | skipping: [node01] => (item=polkitd:!!:18915::::::) 
2022-07-05 16:21:57,023 p=24253 u=devops n=ansible | skipping: [node01] => (item=unbound:!!:18915::::::) 
2022-07-05 16:21:57,031 p=24253 u=devops n=ansible | skipping: [node01] => (item=nm-openconnect:!!:18915::::::) 
2022-07-05 16:21:57,038 p=24253 u=devops n=ansible | skipping: [node01] => (item=rpc:!!:18915:0:99999:7:::) 
2022-07-05 16:21:57,049 p=24253 u=devops n=ansible | skipping: [node01] => (item=rtkit:!!:18915::::::) 
2022-07-05 16:21:57,061 p=24253 u=devops n=ansible | skipping: [node01] => (item=pipewire:!!:18915::::::) 
2022-07-05 16:21:57,071 p=24253 u=devops n=ansible | skipping: [node01] => (item=pulse:!!:18915::::::) 
2022-07-05 16:21:57,083 p=24253 u=devops n=ansible | skipping: [node01] => (item=dnsmasq:!!:18915::::::) 
2022-07-05 16:21:57,090 p=24253 u=devops n=ansible | skipping: [node01] => (item=qemu:!!:18915::::::) 
2022-07-05 16:21:57,099 p=24253 u=devops n=ansible | skipping: [node01] => (item=kvmuser:!!:18915::::::) 
2022-07-05 16:21:57,106 p=24253 u=devops n=ansible | skipping: [node01] => (item=usbmuxd:!!:18915::::::) 
2022-07-05 16:21:57,120 p=24253 u=devops n=ansible | skipping: [node01] => (item=gluster:!!:18915::::::) 
2022-07-05 16:21:57,129 p=24253 u=devops n=ansible | skipping: [node01] => (item=avahi:!!:18915::::::) 
2022-07-05 16:21:57,143 p=24253 u=devops n=ansible | skipping: [node01] => (item=geoclue:!!:18915::::::) 
2022-07-05 16:21:57,154 p=24253 u=devops n=ansible | skipping: [node01] => (item=saslauth:!!:18915::::::) 
2022-07-05 16:21:57,163 p=24253 u=devops n=ansible | skipping: [node01] => (item=radvd:!!:18915::::::) 
2022-07-05 16:21:57,171 p=24253 u=devops n=ansible | skipping: [node01] => (item=sssd:!!:18915::::::) 
2022-07-05 16:21:57,187 p=24253 u=devops n=ansible | skipping: [node01] => (item=exim:!!:18915::::::) 
2022-07-05 16:21:57,196 p=24253 u=devops n=ansible | skipping: [node01] => (item=colord:!!:18915::::::) 
2022-07-05 16:21:57,209 p=24253 u=devops n=ansible | skipping: [node01] => (item=rpcuser:!!:18915::::::) 
2022-07-05 16:21:57,218 p=24253 u=devops n=ansible | skipping: [node01] => (item=citrixlog:!!:18915:0:99999:7:::) 
2022-07-05 16:21:57,227 p=24253 u=devops n=ansible | skipping: [node01] => (item=flatpak:!!:18915::::::) 
2022-07-05 16:21:57,239 p=24253 u=devops n=ansible | skipping: [node01] => (item=gdm:!!:18915::::::) 
2022-07-05 16:21:57,251 p=24253 u=devops n=ansible | skipping: [node01] => (item=gnome-initial-setup:!!:18915::::::) 
2022-07-05 16:21:57,261 p=24253 u=devops n=ansible | skipping: [node01] => (item=gsanslcd:!!:18915::::::) 
2022-07-05 16:21:57,275 p=24253 u=devops n=ansible | skipping: [node01] => (item=chrony:!!:18915::::::) 
2022-07-05 16:21:57,285 p=24253 u=devops n=ansible | skipping: [node01] => (item=sshd:!!:18915::::::) 
2022-07-05 16:21:57,299 p=24253 u=devops n=ansible | skipping: [node01] => (item=rafael:$6$POhBcOTN0g2tsQMW$nFCU0DL8POmqzW3P2QPl690AQQ1cSQnvBPrE.J6yc.YeNi4Re50Uwdiq1L8dndYgRVvYX23ASbCm4rJpAFv8m.:19118:1:90:7:::) 
2022-07-05 16:21:57,316 p=24253 u=devops n=ansible | skipping: [node01] => (item=remotehelp:!!:19178:1:90:7:::) 
2022-07-05 16:21:57,341 p=24253 u=devops n=ansible | skipping: [node01] => (item=teste:$6$.wi0E80wme0TmGlh$BqVQf7Y.Vu4zfexqD3mdhvEf..dTA3r3bbqHeRDQ5O9YlLPVKi/wzBs8X1SBOZpF.Axvj3N.v.036DByxQSCQ.:19174:1:90:7:::) 
2022-07-05 16:21:57,363 p=24253 u=devops n=ansible | skipping: [node01] => (item=devops:$6$6uauXypc6DY0KxcE$F/qs7dmERWlXBkCVWCYHUzTL.R5yH0n.d91ZM9SI2y6NsiQUFIvaiP2m9Ki9mkGnjazMyVYmciYzJRj8jD856.:19178:1:90:7:::) 
2022-07-05 16:21:57,376 p=24253 u=devops n=ansible | TASK [Backup original file /etc/shadow] ****************************************************************************************************
2022-07-05 16:21:57,425 p=24253 u=devops n=ansible | fatal: [node01]: FAILED! => {"msg": "The conditional check 'is_above_90 == true' failed. The error was: error while evaluating conditional (is_above_90 == true): 'is_above_90' is undefined\n\nThe error appears to be in '/home/devops/ansible/voya-csd/PasswordRequirements/PasswordRequirements-IZ.1.1.1.2.yml': line 19, column 5, but may\nbe elsewhere in the file depending on the exact syntax problem.\n\nThe offending line appears to be:\n\n\n  - name: Backup original file /etc/shadow\n    ^ here\n"}
2022-07-05 16:21:57,427 p=24253 u=devops n=ansible | PLAY RECAP *********************************************************************************************************************************
2022-07-05 16:21:57,427 p=24253 u=devops n=ansible | node01                     : ok=0    changed=0    unreachable=0    failed=1    skipped=1    rescued=0    ignored=0   
2022-07-05 16:33:50,802 p=25798 u=devops n=ansible | PLAY [Setting password age value to 90 in /etc/shadow] *************************************************************************************
2022-07-05 16:33:50,810 p=25798 u=devops n=ansible | TASK [Seting vars] *************************************************************************************************************************
2022-07-05 16:33:50,876 p=25798 u=devops n=ansible | fatal: [node01]: FAILED! => {"msg": "An unhandled exception occurred while running the lookup plugin 'file'. Error was a <class 'ansible.errors.AnsibleError'>, original message: could not locate file in lookup: /etc/shadow"}
2022-07-05 16:33:50,877 p=25798 u=devops n=ansible | PLAY RECAP *********************************************************************************************************************************
2022-07-05 16:33:50,878 p=25798 u=devops n=ansible | node01                     : ok=0    changed=0    unreachable=0    failed=1    skipped=0    rescued=0    ignored=0   
2022-07-05 16:37:00,560 p=26108 u=devops n=ansible | ansible-playbook 2.9.27
  config file = /home/devops/ansible/voya-csd/PasswordRequirements/ansible.cfg
  configured module search path = ['/home/devops/.ansible/plugins/modules', '/usr/share/ansible/plugins/modules']
  ansible python module location = /usr/lib/python3.6/site-packages/ansible
  executable location = /usr/bin/ansible-playbook
  python version = 3.6.8 (default, Sep  9 2021, 07:49:02) [GCC 8.5.0 20210514 (Red Hat 8.5.0-3)]
2022-07-05 16:37:00,561 p=26108 u=devops n=ansible | Using /home/devops/ansible/voya-csd/PasswordRequirements/ansible.cfg as config file
2022-07-05 16:37:00,567 p=26108 u=devops n=ansible | host_list declined parsing /home/devops/ansible/voya-csd/PasswordRequirements/inventory as it did not pass its verify_file() method
2022-07-05 16:37:00,567 p=26108 u=devops n=ansible | script declined parsing /home/devops/ansible/voya-csd/PasswordRequirements/inventory as it did not pass its verify_file() method
2022-07-05 16:37:00,567 p=26108 u=devops n=ansible | auto declined parsing /home/devops/ansible/voya-csd/PasswordRequirements/inventory as it did not pass its verify_file() method
2022-07-05 16:37:00,569 p=26108 u=devops n=ansible | Parsed /home/devops/ansible/voya-csd/PasswordRequirements/inventory inventory source with ini plugin
2022-07-05 16:37:00,814 p=26108 u=devops n=ansible | Skipping callback 'actionable', as we already have a stdout callback.
2022-07-05 16:37:00,814 p=26108 u=devops n=ansible | Skipping callback 'counter_enabled', as we already have a stdout callback.
2022-07-05 16:37:00,814 p=26108 u=devops n=ansible | Skipping callback 'debug', as we already have a stdout callback.
2022-07-05 16:37:00,814 p=26108 u=devops n=ansible | Skipping callback 'dense', as we already have a stdout callback.
2022-07-05 16:37:00,814 p=26108 u=devops n=ansible | Skipping callback 'dense', as we already have a stdout callback.
2022-07-05 16:37:00,815 p=26108 u=devops n=ansible | Skipping callback 'full_skip', as we already have a stdout callback.
2022-07-05 16:37:00,815 p=26108 u=devops n=ansible | Skipping callback 'json', as we already have a stdout callback.
2022-07-05 16:37:00,815 p=26108 u=devops n=ansible | Skipping callback 'minimal', as we already have a stdout callback.
2022-07-05 16:37:00,815 p=26108 u=devops n=ansible | Skipping callback 'null', as we already have a stdout callback.
2022-07-05 16:37:00,815 p=26108 u=devops n=ansible | Skipping callback 'oneline', as we already have a stdout callback.
2022-07-05 16:37:00,815 p=26108 u=devops n=ansible | Skipping callback 'selective', as we already have a stdout callback.
2022-07-05 16:37:00,815 p=26108 u=devops n=ansible | Skipping callback 'skippy', as we already have a stdout callback.
2022-07-05 16:37:00,815 p=26108 u=devops n=ansible | Skipping callback 'stderr', as we already have a stdout callback.
2022-07-05 16:37:00,815 p=26108 u=devops n=ansible | Skipping callback 'unixy', as we already have a stdout callback.
2022-07-05 16:37:00,815 p=26108 u=devops n=ansible | Skipping callback 'yaml', as we already have a stdout callback.
2022-07-05 16:37:00,815 p=26108 u=devops n=ansible | PLAYBOOK: PasswordRequirements-IZ.1.1.1.2.yml **********************************************************************************************
2022-07-05 16:37:00,815 p=26108 u=devops n=ansible | 1 plays in PasswordRequirements-IZ.1.1.1.2.yml
2022-07-05 16:37:00,817 p=26108 u=devops n=ansible | PLAY [Setting password age value to 90 in /etc/shadow] *************************************************************************************
2022-07-05 16:37:00,822 p=26108 u=devops n=ansible | META: ran handlers
2022-07-05 16:37:00,826 p=26108 u=devops n=ansible | TASK [Seting vars] *************************************************************************************************************************
2022-07-05 16:37:00,860 p=26108 u=devops n=ansible | fatal: [node01]: FAILED! => {
    "msg": "An unhandled exception occurred while running the lookup plugin 'file'. Error was a <class 'ansible.errors.AnsibleError'>, original message: could not locate file in lookup: /etc/shadow"
}
2022-07-05 16:37:00,861 p=26108 u=devops n=ansible | PLAY RECAP *********************************************************************************************************************************
2022-07-05 16:37:00,861 p=26108 u=devops n=ansible | node01                     : ok=0    changed=0    unreachable=0    failed=1    skipped=0    rescued=0    ignored=0   
2022-07-05 16:47:13,427 p=27683 u=devops n=ansible | Using /home/devops/ansible/voya-csd/PasswordRequirements/ansible.cfg as config file
2022-07-05 16:47:13,804 p=27683 u=devops n=ansible | PLAY [Setting password age value to 90 in /etc/shadow] *************************************************************************************
2022-07-05 16:47:13,815 p=27683 u=devops n=ansible | TASK [Seting vars] *************************************************************************************************************************
2022-07-05 16:47:13,960 p=27683 u=devops n=ansible | fatal: [node01]: UNREACHABLE! => {"changed": false, "msg": "Failed to connect to the host via ssh: @@@@@@@@@@@@@@@@@@@@@@@@@@@@@@@@@@@@@@@@@@@@@@@@@@@@@@@@@@@\r\n@         WARNING: UNPROTECTED PRIVATE KEY FILE!          @\r\n@@@@@@@@@@@@@@@@@@@@@@@@@@@@@@@@@@@@@@@@@@@@@@@@@@@@@@@@@@@\r\nPermissions 0775 for '/home/devops/.ssh/id_ed25519' are too open.\r\nIt is required that your private key files are NOT accessible by others.\r\nThis private key will be ignored.\r\nLoad key \"/home/devops/.ssh/id_ed25519\": bad permissions\r\ndevops@node01: Permission denied (publickey,gssapi-keyex,gssapi-with-mic,password).", "unreachable": true}
2022-07-05 16:47:13,963 p=27683 u=devops n=ansible | PLAY RECAP *********************************************************************************************************************************
2022-07-05 16:47:13,963 p=27683 u=devops n=ansible | node01                     : ok=0    changed=0    unreachable=1    failed=0    skipped=0    rescued=0    ignored=0   
2022-07-05 16:47:40,349 p=27740 u=devops n=ansible | node01 | UNREACHABLE! => {
    "changed": false,
    "msg": "Failed to connect to the host via ssh: @@@@@@@@@@@@@@@@@@@@@@@@@@@@@@@@@@@@@@@@@@@@@@@@@@@@@@@@@@@\r\n@         WARNING: UNPROTECTED PRIVATE KEY FILE!          @\r\n@@@@@@@@@@@@@@@@@@@@@@@@@@@@@@@@@@@@@@@@@@@@@@@@@@@@@@@@@@@\r\nPermissions 0775 for '/home/devops/.ssh/id_ed25519' are too open.\r\nIt is required that your private key files are NOT accessible by others.\r\nThis private key will be ignored.\r\nLoad key \"/home/devops/.ssh/id_ed25519\": bad permissions\r\ndevops@node01: Permission denied (publickey,gssapi-keyex,gssapi-with-mic,password).",
    "unreachable": true
}
2022-07-05 16:48:56,647 p=27930 u=devops n=ansible | node01 | SUCCESS => {
    "ansible_facts": {
        "discovered_interpreter_python": "/usr/libexec/platform-python"
    },
    "changed": false,
    "ping": "pong"
}
2022-07-05 16:49:03,163 p=27968 u=devops n=ansible | Using /home/devops/ansible/voya-csd/PasswordRequirements/ansible.cfg as config file
2022-07-05 16:49:03,413 p=27968 u=devops n=ansible | PLAY [Setting password age value to 90 in /etc/shadow] *************************************************************************************
2022-07-05 16:49:03,422 p=27968 u=devops n=ansible | TASK [Seting vars] *************************************************************************************************************************
2022-07-05 16:49:04,164 p=27968 u=devops n=ansible | changed: [node01] => {"ansible_facts": {"discovered_interpreter_python": "/usr/libexec/platform-python"}, "changed": true, "cmd": ["cat", "/etc/shadow"], "delta": "0:00:00.008635", "end": "2022-07-05 16:49:03.653894", "rc": 0, "start": "2022-07-05 16:49:03.645259", "stderr": "", "stderr_lines": [], "stdout": "root:$6$S7CTAu1KAcstUraB$AqNduOlYiwSSiGa6T6GHb273peHM75RK1HvtYFx2AnZ8EsHkYdmniqBVMiaYc2LWEXuCULepsk.2LwtLXABKZ.:19155:0:99999:7:::\nbin:*:18397:0:99999:7:::\ndaemon:*:18397:0:99999:7:::\nadm:*:18397:0:99999:7:::\nlp:*:18397:0:99999:7:::\nsync:*:18397:0:99999:7:::\nshutdown:*:18397:0:99999:7:::\nhalt:*:18397:0:99999:7:::\nmail:*:18397:0:99999:7:::\noperator:*:18397:0:99999:7:::\ngames:*:18397:0:99999:7:::\nftp:*:18397:0:99999:7:::\nnobody:*:18397:0:99999:7:::\ndbus:!!:19155::::::\nsystemd-coredump:!!:19155::::::\nsystemd-resolve:!!:19155::::::\ntss:!!:19155::::::\npolkitd:!!:19155::::::\nunbound:!!:19155::::::\nlibstoragemgmt:!!:19155::::::\nsetroubleshoot:!!:19155::::::\ncockpit-ws:!!:19155::::::\ncockpit-wsinstance:!!:19155::::::\nsssd:!!:19155::::::\nclevis:!!:19155::::::\nchrony:!!:19155::::::\nsshd:!!:19155::::::\ntcpdump:!!:19155::::::\napache:!!:19163::::::\ndevops:$6$eO6DvxJc3EXbhVR.$A.tmk02rLNNJLYY2KIVDfVWaAPbyd2E0Ucz9oS5INj88eRmTrYd3ntouOVpbEenVwG3PFyW8NzzKD3Bi7doWq/:19178:0:99999:7:::", "stdout_lines": ["root:$6$S7CTAu1KAcstUraB$AqNduOlYiwSSiGa6T6GHb273peHM75RK1HvtYFx2AnZ8EsHkYdmniqBVMiaYc2LWEXuCULepsk.2LwtLXABKZ.:19155:0:99999:7:::", "bin:*:18397:0:99999:7:::", "daemon:*:18397:0:99999:7:::", "adm:*:18397:0:99999:7:::", "lp:*:18397:0:99999:7:::", "sync:*:18397:0:99999:7:::", "shutdown:*:18397:0:99999:7:::", "halt:*:18397:0:99999:7:::", "mail:*:18397:0:99999:7:::", "operator:*:18397:0:99999:7:::", "games:*:18397:0:99999:7:::", "ftp:*:18397:0:99999:7:::", "nobody:*:18397:0:99999:7:::", "dbus:!!:19155::::::", "systemd-coredump:!!:19155::::::", "systemd-resolve:!!:19155::::::", "tss:!!:19155::::::", "polkitd:!!:19155::::::", "unbound:!!:19155::::::", "libstoragemgmt:!!:19155::::::", "setroubleshoot:!!:19155::::::", "cockpit-ws:!!:19155::::::", "cockpit-wsinstance:!!:19155::::::", "sssd:!!:19155::::::", "clevis:!!:19155::::::", "chrony:!!:19155::::::", "sshd:!!:19155::::::", "tcpdump:!!:19155::::::", "apache:!!:19163::::::", "devops:$6$eO6DvxJc3EXbhVR.$A.tmk02rLNNJLYY2KIVDfVWaAPbyd2E0Ucz9oS5INj88eRmTrYd3ntouOVpbEenVwG3PFyW8NzzKD3Bi7doWq/:19178:0:99999:7:::"]}
2022-07-05 16:49:04,167 p=27968 u=devops n=ansible | TASK [Checking compliance] *****************************************************************************************************************
2022-07-05 16:49:04,252 p=27968 u=devops n=ansible | ok: [node01] => (item=root:$6$S7CTAu1KAcstUraB$AqNduOlYiwSSiGa6T6GHb273peHM75RK1HvtYFx2AnZ8EsHkYdmniqBVMiaYc2LWEXuCULepsk.2LwtLXABKZ.:19155:0:99999:7:::) => {"ansible_facts": {"is_above_90": true}, "ansible_loop_var": "item", "changed": false, "item": "root:$6$S7CTAu1KAcstUraB$AqNduOlYiwSSiGa6T6GHb273peHM75RK1HvtYFx2AnZ8EsHkYdmniqBVMiaYc2LWEXuCULepsk.2LwtLXABKZ.:19155:0:99999:7:::"}
2022-07-05 16:49:04,255 p=27968 u=devops n=ansible | skipping: [node01] => (item=bin:*:18397:0:99999:7:::)  => {"ansible_loop_var": "item", "changed": false, "item": "bin:*:18397:0:99999:7:::", "skip_reason": "Conditional result was False"}
2022-07-05 16:49:04,259 p=27968 u=devops n=ansible | skipping: [node01] => (item=daemon:*:18397:0:99999:7:::)  => {"ansible_loop_var": "item", "changed": false, "item": "daemon:*:18397:0:99999:7:::", "skip_reason": "Conditional result was False"}
2022-07-05 16:49:04,265 p=27968 u=devops n=ansible | skipping: [node01] => (item=adm:*:18397:0:99999:7:::)  => {"ansible_loop_var": "item", "changed": false, "item": "adm:*:18397:0:99999:7:::", "skip_reason": "Conditional result was False"}
2022-07-05 16:49:04,271 p=27968 u=devops n=ansible | skipping: [node01] => (item=lp:*:18397:0:99999:7:::)  => {"ansible_loop_var": "item", "changed": false, "item": "lp:*:18397:0:99999:7:::", "skip_reason": "Conditional result was False"}
2022-07-05 16:49:04,277 p=27968 u=devops n=ansible | skipping: [node01] => (item=sync:*:18397:0:99999:7:::)  => {"ansible_loop_var": "item", "changed": false, "item": "sync:*:18397:0:99999:7:::", "skip_reason": "Conditional result was False"}
2022-07-05 16:49:04,284 p=27968 u=devops n=ansible | skipping: [node01] => (item=shutdown:*:18397:0:99999:7:::)  => {"ansible_loop_var": "item", "changed": false, "item": "shutdown:*:18397:0:99999:7:::", "skip_reason": "Conditional result was False"}
2022-07-05 16:49:04,292 p=27968 u=devops n=ansible | skipping: [node01] => (item=halt:*:18397:0:99999:7:::)  => {"ansible_loop_var": "item", "changed": false, "item": "halt:*:18397:0:99999:7:::", "skip_reason": "Conditional result was False"}
2022-07-05 16:49:04,296 p=27968 u=devops n=ansible | skipping: [node01] => (item=mail:*:18397:0:99999:7:::)  => {"ansible_loop_var": "item", "changed": false, "item": "mail:*:18397:0:99999:7:::", "skip_reason": "Conditional result was False"}
2022-07-05 16:49:04,300 p=27968 u=devops n=ansible | skipping: [node01] => (item=operator:*:18397:0:99999:7:::)  => {"ansible_loop_var": "item", "changed": false, "item": "operator:*:18397:0:99999:7:::", "skip_reason": "Conditional result was False"}
2022-07-05 16:49:04,304 p=27968 u=devops n=ansible | skipping: [node01] => (item=games:*:18397:0:99999:7:::)  => {"ansible_loop_var": "item", "changed": false, "item": "games:*:18397:0:99999:7:::", "skip_reason": "Conditional result was False"}
2022-07-05 16:49:04,308 p=27968 u=devops n=ansible | skipping: [node01] => (item=ftp:*:18397:0:99999:7:::)  => {"ansible_loop_var": "item", "changed": false, "item": "ftp:*:18397:0:99999:7:::", "skip_reason": "Conditional result was False"}
2022-07-05 16:49:04,312 p=27968 u=devops n=ansible | skipping: [node01] => (item=nobody:*:18397:0:99999:7:::)  => {"ansible_loop_var": "item", "changed": false, "item": "nobody:*:18397:0:99999:7:::", "skip_reason": "Conditional result was False"}
2022-07-05 16:49:04,320 p=27968 u=devops n=ansible | skipping: [node01] => (item=dbus:!!:19155::::::)  => {"ansible_loop_var": "item", "changed": false, "item": "dbus:!!:19155::::::", "skip_reason": "Conditional result was False"}
2022-07-05 16:49:04,330 p=27968 u=devops n=ansible | skipping: [node01] => (item=systemd-coredump:!!:19155::::::)  => {"ansible_loop_var": "item", "changed": false, "item": "systemd-coredump:!!:19155::::::", "skip_reason": "Conditional result was False"}
2022-07-05 16:49:04,344 p=27968 u=devops n=ansible | skipping: [node01] => (item=systemd-resolve:!!:19155::::::)  => {"ansible_loop_var": "item", "changed": false, "item": "systemd-resolve:!!:19155::::::", "skip_reason": "Conditional result was False"}
2022-07-05 16:49:04,357 p=27968 u=devops n=ansible | skipping: [node01] => (item=tss:!!:19155::::::)  => {"ansible_loop_var": "item", "changed": false, "item": "tss:!!:19155::::::", "skip_reason": "Conditional result was False"}
2022-07-05 16:49:04,366 p=27968 u=devops n=ansible | skipping: [node01] => (item=polkitd:!!:19155::::::)  => {"ansible_loop_var": "item", "changed": false, "item": "polkitd:!!:19155::::::", "skip_reason": "Conditional result was False"}
2022-07-05 16:49:04,375 p=27968 u=devops n=ansible | skipping: [node01] => (item=unbound:!!:19155::::::)  => {"ansible_loop_var": "item", "changed": false, "item": "unbound:!!:19155::::::", "skip_reason": "Conditional result was False"}
2022-07-05 16:49:04,385 p=27968 u=devops n=ansible | skipping: [node01] => (item=libstoragemgmt:!!:19155::::::)  => {"ansible_loop_var": "item", "changed": false, "item": "libstoragemgmt:!!:19155::::::", "skip_reason": "Conditional result was False"}
2022-07-05 16:49:04,394 p=27968 u=devops n=ansible | skipping: [node01] => (item=setroubleshoot:!!:19155::::::)  => {"ansible_loop_var": "item", "changed": false, "item": "setroubleshoot:!!:19155::::::", "skip_reason": "Conditional result was False"}
2022-07-05 16:49:04,405 p=27968 u=devops n=ansible | skipping: [node01] => (item=cockpit-ws:!!:19155::::::)  => {"ansible_loop_var": "item", "changed": false, "item": "cockpit-ws:!!:19155::::::", "skip_reason": "Conditional result was False"}
2022-07-05 16:49:04,421 p=27968 u=devops n=ansible | skipping: [node01] => (item=cockpit-wsinstance:!!:19155::::::)  => {"ansible_loop_var": "item", "changed": false, "item": "cockpit-wsinstance:!!:19155::::::", "skip_reason": "Conditional result was False"}
2022-07-05 16:49:04,431 p=27968 u=devops n=ansible | skipping: [node01] => (item=sssd:!!:19155::::::)  => {"ansible_loop_var": "item", "changed": false, "item": "sssd:!!:19155::::::", "skip_reason": "Conditional result was False"}
2022-07-05 16:49:04,443 p=27968 u=devops n=ansible | skipping: [node01] => (item=clevis:!!:19155::::::)  => {"ansible_loop_var": "item", "changed": false, "item": "clevis:!!:19155::::::", "skip_reason": "Conditional result was False"}
2022-07-05 16:49:04,453 p=27968 u=devops n=ansible | skipping: [node01] => (item=chrony:!!:19155::::::)  => {"ansible_loop_var": "item", "changed": false, "item": "chrony:!!:19155::::::", "skip_reason": "Conditional result was False"}
2022-07-05 16:49:04,461 p=27968 u=devops n=ansible | skipping: [node01] => (item=sshd:!!:19155::::::)  => {"ansible_loop_var": "item", "changed": false, "item": "sshd:!!:19155::::::", "skip_reason": "Conditional result was False"}
2022-07-05 16:49:04,471 p=27968 u=devops n=ansible | skipping: [node01] => (item=tcpdump:!!:19155::::::)  => {"ansible_loop_var": "item", "changed": false, "item": "tcpdump:!!:19155::::::", "skip_reason": "Conditional result was False"}
2022-07-05 16:49:04,483 p=27968 u=devops n=ansible | skipping: [node01] => (item=apache:!!:19163::::::)  => {"ansible_loop_var": "item", "changed": false, "item": "apache:!!:19163::::::", "skip_reason": "Conditional result was False"}
2022-07-05 16:49:04,498 p=27968 u=devops n=ansible | ok: [node01] => (item=devops:$6$eO6DvxJc3EXbhVR.$A.tmk02rLNNJLYY2KIVDfVWaAPbyd2E0Ucz9oS5INj88eRmTrYd3ntouOVpbEenVwG3PFyW8NzzKD3Bi7doWq/:19178:0:99999:7:::) => {"ansible_facts": {"is_above_90": true}, "ansible_loop_var": "item", "changed": false, "item": "devops:$6$eO6DvxJc3EXbhVR.$A.tmk02rLNNJLYY2KIVDfVWaAPbyd2E0Ucz9oS5INj88eRmTrYd3ntouOVpbEenVwG3PFyW8NzzKD3Bi7doWq/:19178:0:99999:7:::"}
2022-07-05 16:49:04,502 p=27968 u=devops n=ansible | TASK [Backup original file /etc/shadow] ****************************************************************************************************
2022-07-05 16:49:05,037 p=27968 u=devops n=ansible | changed: [node01] => {"changed": true, "cmd": "/bin/cp -p /etc/shadow /etc/shadow_bkp_csd_$(date +%F-%T)", "delta": "0:00:00.015410", "end": "2022-07-05 16:49:04.528708", "rc": 0, "start": "2022-07-05 16:49:04.513298", "stderr": "", "stderr_lines": [], "stdout": "", "stdout_lines": []}
2022-07-05 16:49:05,042 p=27968 u=devops n=ansible | TASK [copying shellscript max_pass_age.sh] *************************************************************************************************
2022-07-05 16:49:06,134 p=27968 u=devops n=ansible | changed: [node01] => {"changed": true, "checksum": "2f6c02d1358ca16d64f48089ccffaf6fc52850e2", "dest": "/tmp/max_pass_age.sh", "gid": 0, "group": "root", "md5sum": "b480ee2a93c110352f3ae354d22001fb", "mode": "0755", "owner": "devops", "size": 328, "src": "/home/devops/.ansible/tmp/ansible-tmp-1657050545.1255798-28001-13584330078690/source", "state": "file", "uid": 1000}
2022-07-05 16:49:06,137 p=27968 u=devops n=ansible | TASK [Execute max_pass_age.sh shellscript] *************************************************************************************************
2022-07-05 16:49:06,648 p=27968 u=devops n=ansible | changed: [node01] => {"changed": true, "cmd": "/bin/bash /tmp/max_pass_age.sh", "delta": "0:00:00.008062", "end": "2022-07-05 16:49:06.138661", "rc": 0, "start": "2022-07-05 16:49:06.130599", "stderr": "", "stderr_lines": [], "stdout": "", "stdout_lines": []}
2022-07-05 16:49:06,649 p=27968 u=devops n=ansible | RUNNING HANDLER [delete_shell_script] ******************************************************************************************************
2022-07-05 16:49:07,285 p=27968 u=devops n=ansible | changed: [node01] => {"changed": true, "path": "/tmp/max_pass_age.sh", "state": "absent"}
2022-07-05 16:49:07,287 p=27968 u=devops n=ansible | PLAY RECAP *********************************************************************************************************************************
2022-07-05 16:49:07,287 p=27968 u=devops n=ansible | node01                     : ok=6    changed=5    unreachable=0    failed=0    skipped=0    rescued=0    ignored=0   
2022-07-15 16:28:29,875 p=24496 u=root n=ansible | playbook: PasswordRequirements-IZ.1.1.1.2.yml
2022-07-15 16:28:38,717 p=24529 u=root n=ansible | PLAY [Setting password age value to 90 in /etc/shadow] *******************************************************************************
2022-07-15 16:28:38,730 p=24529 u=root n=ansible | TASK [Seting vars] *******************************************************************************************************************
2022-07-15 16:28:41,836 p=24529 u=root n=ansible | fatal: [node01]: UNREACHABLE! => {"changed": false, "msg": "Failed to connect to the host via ssh: ssh: connect to host node01 port 22: No route to host", "unreachable": true}
2022-07-15 16:28:41,838 p=24529 u=root n=ansible | PLAY RECAP ***************************************************************************************************************************
2022-07-15 16:28:41,838 p=24529 u=root n=ansible | node01                     : ok=0    changed=0    unreachable=1    failed=0    skipped=0    rescued=0    ignored=0   
2022-07-15 16:30:39,880 p=25100 u=root n=ansible | PLAY [Setting password age value to 90 in /etc/shadow] *******************************************************************************
2022-07-15 16:30:39,891 p=25100 u=root n=ansible | TASK [Seting vars] *******************************************************************************************************************
2022-07-15 16:30:40,012 p=25100 u=root n=ansible | fatal: [node01]: UNREACHABLE! => {"changed": false, "msg": "Failed to connect to the host via ssh: devops@node01: Permission denied (publickey,gssapi-keyex,gssapi-with-mic,password).", "unreachable": true}
2022-07-15 16:30:40,013 p=25100 u=root n=ansible | PLAY RECAP ***************************************************************************************************************************
2022-07-15 16:30:40,013 p=25100 u=root n=ansible | node01                     : ok=0    changed=0    unreachable=1    failed=0    skipped=0    rescued=0    ignored=0   
2022-07-15 16:31:15,157 p=25184 u=root n=ansible | node01 | UNREACHABLE! => {
    "changed": false,
    "msg": "Invalid/incorrect password: Permission denied, please try again.",
    "unreachable": true
}
2022-07-15 16:32:04,448 p=25323 u=devops n=ansible | PLAY [Setting password age value to 90 in /etc/shadow] *******************************************************************************
2022-07-15 16:32:04,460 p=25323 u=devops n=ansible | TASK [Seting vars] *******************************************************************************************************************
2022-07-15 16:32:05,303 p=25323 u=devops n=ansible | changed: [node01]
2022-07-15 16:32:05,306 p=25323 u=devops n=ansible | TASK [Checking compliance] ***********************************************************************************************************
2022-07-15 16:32:05,372 p=25323 u=devops n=ansible | ok: [node01] => (item=root:$6$S7CTAu1KAcstUraB$AqNduOlYiwSSiGa6T6GHb273peHM75RK1HvtYFx2AnZ8EsHkYdmniqBVMiaYc2LWEXuCULepsk.2LwtLXABKZ.:19155:0:99999:7:::)
2022-07-15 16:32:05,376 p=25323 u=devops n=ansible | skipping: [node01] => (item=bin:*:18397:0:99999:7:::) 
2022-07-15 16:32:05,380 p=25323 u=devops n=ansible | skipping: [node01] => (item=daemon:*:18397:0:99999:7:::) 
2022-07-15 16:32:05,382 p=25323 u=devops n=ansible | skipping: [node01] => (item=adm:*:18397:0:99999:7:::) 
2022-07-15 16:32:05,386 p=25323 u=devops n=ansible | skipping: [node01] => (item=lp:*:18397:0:99999:7:::) 
2022-07-15 16:32:05,392 p=25323 u=devops n=ansible | skipping: [node01] => (item=sync:*:18397:0:99999:7:::) 
2022-07-15 16:32:05,399 p=25323 u=devops n=ansible | skipping: [node01] => (item=shutdown:*:18397:0:99999:7:::) 
2022-07-15 16:32:05,403 p=25323 u=devops n=ansible | skipping: [node01] => (item=halt:*:18397:0:99999:7:::) 
2022-07-15 16:32:05,412 p=25323 u=devops n=ansible | skipping: [node01] => (item=mail:*:18397:0:99999:7:::) 
2022-07-15 16:32:05,416 p=25323 u=devops n=ansible | skipping: [node01] => (item=operator:*:18397:0:99999:7:::) 
2022-07-15 16:32:05,422 p=25323 u=devops n=ansible | skipping: [node01] => (item=games:*:18397:0:99999:7:::) 
2022-07-15 16:32:05,430 p=25323 u=devops n=ansible | skipping: [node01] => (item=ftp:*:18397:0:99999:7:::) 
2022-07-15 16:32:05,435 p=25323 u=devops n=ansible | skipping: [node01] => (item=nobody:*:18397:0:99999:7:::) 
2022-07-15 16:32:05,446 p=25323 u=devops n=ansible | skipping: [node01] => (item=dbus:!!:19155::::::) 
2022-07-15 16:32:05,454 p=25323 u=devops n=ansible | skipping: [node01] => (item=systemd-coredump:!!:19155::::::) 
2022-07-15 16:32:05,475 p=25323 u=devops n=ansible | skipping: [node01] => (item=systemd-resolve:!!:19155::::::) 
2022-07-15 16:32:05,485 p=25323 u=devops n=ansible | skipping: [node01] => (item=tss:!!:19155::::::) 
2022-07-15 16:32:05,497 p=25323 u=devops n=ansible | skipping: [node01] => (item=polkitd:!!:19155::::::) 
2022-07-15 16:32:05,511 p=25323 u=devops n=ansible | skipping: [node01] => (item=unbound:!!:19155::::::) 
2022-07-15 16:32:05,520 p=25323 u=devops n=ansible | skipping: [node01] => (item=libstoragemgmt:!!:19155::::::) 
2022-07-15 16:32:05,537 p=25323 u=devops n=ansible | skipping: [node01] => (item=setroubleshoot:!!:19155::::::) 
2022-07-15 16:32:05,549 p=25323 u=devops n=ansible | skipping: [node01] => (item=cockpit-ws:!!:19155::::::) 
2022-07-15 16:32:05,559 p=25323 u=devops n=ansible | skipping: [node01] => (item=cockpit-wsinstance:!!:19155::::::) 
2022-07-15 16:32:05,568 p=25323 u=devops n=ansible | skipping: [node01] => (item=sssd:!!:19155::::::) 
2022-07-15 16:32:05,579 p=25323 u=devops n=ansible | skipping: [node01] => (item=clevis:!!:19155::::::) 
2022-07-15 16:32:05,588 p=25323 u=devops n=ansible | skipping: [node01] => (item=chrony:!!:19155::::::) 
2022-07-15 16:32:05,603 p=25323 u=devops n=ansible | skipping: [node01] => (item=sshd:!!:19155::::::) 
2022-07-15 16:32:05,622 p=25323 u=devops n=ansible | skipping: [node01] => (item=tcpdump:!!:19155::::::) 
2022-07-15 16:32:05,634 p=25323 u=devops n=ansible | skipping: [node01] => (item=apache:!!:19163::::::) 
2022-07-15 16:32:05,655 p=25323 u=devops n=ansible | ok: [node01] => (item=devops:$6$eO6DvxJc3EXbhVR.$A.tmk02rLNNJLYY2KIVDfVWaAPbyd2E0Ucz9oS5INj88eRmTrYd3ntouOVpbEenVwG3PFyW8NzzKD3Bi7doWq/:19178:0:99999:7:::)
2022-07-15 16:32:05,674 p=25323 u=devops n=ansible | TASK [Creating] **********************************************************************************************************************
2022-07-15 16:32:05,723 p=25323 u=devops n=ansible | ok: [node01] => {
    "msg": {
        "changed": false,
        "msg": "All items completed",
        "results": [
            {
                "ansible_facts": {
                    "is_above_90": true
                },
                "ansible_loop_var": "item",
                "changed": false,
                "failed": false,
                "item": "root:$6$S7CTAu1KAcstUraB$AqNduOlYiwSSiGa6T6GHb273peHM75RK1HvtYFx2AnZ8EsHkYdmniqBVMiaYc2LWEXuCULepsk.2LwtLXABKZ.:19155:0:99999:7:::"
            },
            {
                "ansible_loop_var": "item",
                "changed": false,
                "item": "bin:*:18397:0:99999:7:::",
                "skip_reason": "Conditional result was False",
                "skipped": true
            },
            {
                "ansible_loop_var": "item",
                "changed": false,
                "item": "daemon:*:18397:0:99999:7:::",
                "skip_reason": "Conditional result was False",
                "skipped": true
            },
            {
                "ansible_loop_var": "item",
                "changed": false,
                "item": "adm:*:18397:0:99999:7:::",
                "skip_reason": "Conditional result was False",
                "skipped": true
            },
            {
                "ansible_loop_var": "item",
                "changed": false,
                "item": "lp:*:18397:0:99999:7:::",
                "skip_reason": "Conditional result was False",
                "skipped": true
            },
            {
                "ansible_loop_var": "item",
                "changed": false,
                "item": "sync:*:18397:0:99999:7:::",
                "skip_reason": "Conditional result was False",
                "skipped": true
            },
            {
                "ansible_loop_var": "item",
                "changed": false,
                "item": "shutdown:*:18397:0:99999:7:::",
                "skip_reason": "Conditional result was False",
                "skipped": true
            },
            {
                "ansible_loop_var": "item",
                "changed": false,
                "item": "halt:*:18397:0:99999:7:::",
                "skip_reason": "Conditional result was False",
                "skipped": true
            },
            {
                "ansible_loop_var": "item",
                "changed": false,
                "item": "mail:*:18397:0:99999:7:::",
                "skip_reason": "Conditional result was False",
                "skipped": true
            },
            {
                "ansible_loop_var": "item",
                "changed": false,
                "item": "operator:*:18397:0:99999:7:::",
                "skip_reason": "Conditional result was False",
                "skipped": true
            },
            {
                "ansible_loop_var": "item",
                "changed": false,
                "item": "games:*:18397:0:99999:7:::",
                "skip_reason": "Conditional result was False",
                "skipped": true
            },
            {
                "ansible_loop_var": "item",
                "changed": false,
                "item": "ftp:*:18397:0:99999:7:::",
                "skip_reason": "Conditional result was False",
                "skipped": true
            },
            {
                "ansible_loop_var": "item",
                "changed": false,
                "item": "nobody:*:18397:0:99999:7:::",
                "skip_reason": "Conditional result was False",
                "skipped": true
            },
            {
                "ansible_loop_var": "item",
                "changed": false,
                "item": "dbus:!!:19155::::::",
                "skip_reason": "Conditional result was False",
                "skipped": true
            },
            {
                "ansible_loop_var": "item",
                "changed": false,
                "item": "systemd-coredump:!!:19155::::::",
                "skip_reason": "Conditional result was False",
                "skipped": true
            },
            {
                "ansible_loop_var": "item",
                "changed": false,
                "item": "systemd-resolve:!!:19155::::::",
                "skip_reason": "Conditional result was False",
                "skipped": true
            },
            {
                "ansible_loop_var": "item",
                "changed": false,
                "item": "tss:!!:19155::::::",
                "skip_reason": "Conditional result was False",
                "skipped": true
            },
            {
                "ansible_loop_var": "item",
                "changed": false,
                "item": "polkitd:!!:19155::::::",
                "skip_reason": "Conditional result was False",
                "skipped": true
            },
            {
                "ansible_loop_var": "item",
                "changed": false,
                "item": "unbound:!!:19155::::::",
                "skip_reason": "Conditional result was False",
                "skipped": true
            },
            {
                "ansible_loop_var": "item",
                "changed": false,
                "item": "libstoragemgmt:!!:19155::::::",
                "skip_reason": "Conditional result was False",
                "skipped": true
            },
            {
                "ansible_loop_var": "item",
                "changed": false,
                "item": "setroubleshoot:!!:19155::::::",
                "skip_reason": "Conditional result was False",
                "skipped": true
            },
            {
                "ansible_loop_var": "item",
                "changed": false,
                "item": "cockpit-ws:!!:19155::::::",
                "skip_reason": "Conditional result was False",
                "skipped": true
            },
            {
                "ansible_loop_var": "item",
                "changed": false,
                "item": "cockpit-wsinstance:!!:19155::::::",
                "skip_reason": "Conditional result was False",
                "skipped": true
            },
            {
                "ansible_loop_var": "item",
                "changed": false,
                "item": "sssd:!!:19155::::::",
                "skip_reason": "Conditional result was False",
                "skipped": true
            },
            {
                "ansible_loop_var": "item",
                "changed": false,
                "item": "clevis:!!:19155::::::",
                "skip_reason": "Conditional result was False",
                "skipped": true
            },
            {
                "ansible_loop_var": "item",
                "changed": false,
                "item": "chrony:!!:19155::::::",
                "skip_reason": "Conditional result was False",
                "skipped": true
            },
            {
                "ansible_loop_var": "item",
                "changed": false,
                "item": "sshd:!!:19155::::::",
                "skip_reason": "Conditional result was False",
                "skipped": true
            },
            {
                "ansible_loop_var": "item",
                "changed": false,
                "item": "tcpdump:!!:19155::::::",
                "skip_reason": "Conditional result was False",
                "skipped": true
            },
            {
                "ansible_loop_var": "item",
                "changed": false,
                "item": "apache:!!:19163::::::",
                "skip_reason": "Conditional result was False",
                "skipped": true
            },
            {
                "ansible_facts": {
                    "is_above_90": true
                },
                "ansible_loop_var": "item",
                "changed": false,
                "failed": false,
                "item": "devops:$6$eO6DvxJc3EXbhVR.$A.tmk02rLNNJLYY2KIVDfVWaAPbyd2E0Ucz9oS5INj88eRmTrYd3ntouOVpbEenVwG3PFyW8NzzKD3Bi7doWq/:19178:0:99999:7:::"
            }
        ]
    }
}
2022-07-15 16:32:05,727 p=25323 u=devops n=ansible | TASK [Backup original file /etc/shadow] **********************************************************************************************
2022-07-15 16:32:06,227 p=25323 u=devops n=ansible | changed: [node01]
2022-07-15 16:32:06,230 p=25323 u=devops n=ansible | TASK [Execute max_pass_age.sh shellscript] *******************************************************************************************
2022-07-15 16:32:06,918 p=25323 u=devops n=ansible | changed: [node01] => (item=root:$6$S7CTAu1KAcstUraB$AqNduOlYiwSSiGa6T6GHb273peHM75RK1HvtYFx2AnZ8EsHkYdmniqBVMiaYc2LWEXuCULepsk.2LwtLXABKZ.:19155:0:99999:7:::)
2022-07-15 16:32:06,921 p=25323 u=devops n=ansible | skipping: [node01] => (item=bin:*:18397:0:99999:7:::) 
2022-07-15 16:32:06,925 p=25323 u=devops n=ansible | skipping: [node01] => (item=daemon:*:18397:0:99999:7:::) 
2022-07-15 16:32:06,934 p=25323 u=devops n=ansible | skipping: [node01] => (item=adm:*:18397:0:99999:7:::) 
2022-07-15 16:32:06,941 p=25323 u=devops n=ansible | skipping: [node01] => (item=lp:*:18397:0:99999:7:::) 
2022-07-15 16:32:06,945 p=25323 u=devops n=ansible | skipping: [node01] => (item=sync:*:18397:0:99999:7:::) 
2022-07-15 16:32:06,951 p=25323 u=devops n=ansible | skipping: [node01] => (item=shutdown:*:18397:0:99999:7:::) 
2022-07-15 16:32:06,957 p=25323 u=devops n=ansible | skipping: [node01] => (item=halt:*:18397:0:99999:7:::) 
2022-07-15 16:32:06,961 p=25323 u=devops n=ansible | skipping: [node01] => (item=mail:*:18397:0:99999:7:::) 
2022-07-15 16:32:06,965 p=25323 u=devops n=ansible | skipping: [node01] => (item=operator:*:18397:0:99999:7:::) 
2022-07-15 16:32:06,969 p=25323 u=devops n=ansible | skipping: [node01] => (item=games:*:18397:0:99999:7:::) 
2022-07-15 16:32:06,973 p=25323 u=devops n=ansible | skipping: [node01] => (item=ftp:*:18397:0:99999:7:::) 
2022-07-15 16:32:06,977 p=25323 u=devops n=ansible | skipping: [node01] => (item=nobody:*:18397:0:99999:7:::) 
2022-07-15 16:32:06,985 p=25323 u=devops n=ansible | skipping: [node01] => (item=dbus:!!:19155::::::) 
2022-07-15 16:32:06,996 p=25323 u=devops n=ansible | skipping: [node01] => (item=systemd-coredump:!!:19155::::::) 
2022-07-15 16:32:07,005 p=25323 u=devops n=ansible | skipping: [node01] => (item=systemd-resolve:!!:19155::::::) 
2022-07-15 16:32:07,016 p=25323 u=devops n=ansible | skipping: [node01] => (item=tss:!!:19155::::::) 
2022-07-15 16:32:07,027 p=25323 u=devops n=ansible | skipping: [node01] => (item=polkitd:!!:19155::::::) 
2022-07-15 16:32:07,035 p=25323 u=devops n=ansible | skipping: [node01] => (item=unbound:!!:19155::::::) 
2022-07-15 16:32:07,042 p=25323 u=devops n=ansible | skipping: [node01] => (item=libstoragemgmt:!!:19155::::::) 
2022-07-15 16:32:07,056 p=25323 u=devops n=ansible | skipping: [node01] => (item=setroubleshoot:!!:19155::::::) 
2022-07-15 16:32:07,058 p=25323 u=devops n=ansible | skipping: [node01] => (item=cockpit-ws:!!:19155::::::) 
2022-07-15 16:32:07,070 p=25323 u=devops n=ansible | skipping: [node01] => (item=cockpit-wsinstance:!!:19155::::::) 
2022-07-15 16:32:07,081 p=25323 u=devops n=ansible | skipping: [node01] => (item=sssd:!!:19155::::::) 
2022-07-15 16:32:07,093 p=25323 u=devops n=ansible | skipping: [node01] => (item=clevis:!!:19155::::::) 
2022-07-15 16:32:07,102 p=25323 u=devops n=ansible | skipping: [node01] => (item=chrony:!!:19155::::::) 
2022-07-15 16:32:07,111 p=25323 u=devops n=ansible | skipping: [node01] => (item=sshd:!!:19155::::::) 
2022-07-15 16:32:07,120 p=25323 u=devops n=ansible | skipping: [node01] => (item=tcpdump:!!:19155::::::) 
2022-07-15 16:32:07,129 p=25323 u=devops n=ansible | skipping: [node01] => (item=apache:!!:19163::::::) 
2022-07-15 16:32:07,758 p=25323 u=devops n=ansible | changed: [node01] => (item=devops:$6$eO6DvxJc3EXbhVR.$A.tmk02rLNNJLYY2KIVDfVWaAPbyd2E0Ucz9oS5INj88eRmTrYd3ntouOVpbEenVwG3PFyW8NzzKD3Bi7doWq/:19178:0:99999:7:::)
2022-07-15 16:32:07,761 p=25323 u=devops n=ansible | PLAY RECAP ***************************************************************************************************************************
2022-07-15 16:32:07,761 p=25323 u=devops n=ansible | node01                     : ok=5    changed=3    unreachable=0    failed=0    skipped=0    rescued=0    ignored=0   
2022-07-15 16:32:47,917 p=25505 u=devops n=ansible | PLAY [Setting password age value to 90 in /etc/shadow] ************************************************************************************************************************************************************
2022-07-15 16:32:47,943 p=25505 u=devops n=ansible | TASK [Seting vars] ************************************************************************************************************************************************************************************************
2022-07-15 16:32:50,051 p=25505 u=devops n=ansible | changed: [node01]
2022-07-15 16:32:50,055 p=25505 u=devops n=ansible | TASK [Checking compliance] ****************************************************************************************************************************************************************************************
2022-07-15 16:32:50,150 p=25505 u=devops n=ansible | skipping: [node01] => (item=root:$6$S7CTAu1KAcstUraB$AqNduOlYiwSSiGa6T6GHb273peHM75RK1HvtYFx2AnZ8EsHkYdmniqBVMiaYc2LWEXuCULepsk.2LwtLXABKZ.:19155:0:90:7:::) 
2022-07-15 16:32:50,157 p=25505 u=devops n=ansible | skipping: [node01] => (item=bin:*:18397:0:99999:7:::) 
2022-07-15 16:32:50,163 p=25505 u=devops n=ansible | skipping: [node01] => (item=daemon:*:18397:0:99999:7:::) 
2022-07-15 16:32:50,175 p=25505 u=devops n=ansible | skipping: [node01] => (item=adm:*:18397:0:99999:7:::) 
2022-07-15 16:32:50,183 p=25505 u=devops n=ansible | skipping: [node01] => (item=lp:*:18397:0:99999:7:::) 
2022-07-15 16:32:50,188 p=25505 u=devops n=ansible | skipping: [node01] => (item=sync:*:18397:0:99999:7:::) 
2022-07-15 16:32:50,197 p=25505 u=devops n=ansible | skipping: [node01] => (item=shutdown:*:18397:0:99999:7:::) 
2022-07-15 16:32:50,206 p=25505 u=devops n=ansible | skipping: [node01] => (item=halt:*:18397:0:99999:7:::) 
2022-07-15 16:32:50,215 p=25505 u=devops n=ansible | skipping: [node01] => (item=mail:*:18397:0:99999:7:::) 
2022-07-15 16:32:50,228 p=25505 u=devops n=ansible | skipping: [node01] => (item=operator:*:18397:0:99999:7:::) 
2022-07-15 16:32:50,236 p=25505 u=devops n=ansible | skipping: [node01] => (item=games:*:18397:0:99999:7:::) 
2022-07-15 16:32:50,243 p=25505 u=devops n=ansible | skipping: [node01] => (item=ftp:*:18397:0:99999:7:::) 
2022-07-15 16:32:50,249 p=25505 u=devops n=ansible | skipping: [node01] => (item=nobody:*:18397:0:99999:7:::) 
2022-07-15 16:32:50,263 p=25505 u=devops n=ansible | skipping: [node01] => (item=dbus:!!:19155::::::) 
2022-07-15 16:32:50,274 p=25505 u=devops n=ansible | skipping: [node01] => (item=systemd-coredump:!!:19155::::::) 
2022-07-15 16:32:50,290 p=25505 u=devops n=ansible | skipping: [node01] => (item=systemd-resolve:!!:19155::::::) 
2022-07-15 16:32:50,300 p=25505 u=devops n=ansible | skipping: [node01] => (item=tss:!!:19155::::::) 
2022-07-15 16:32:50,312 p=25505 u=devops n=ansible | skipping: [node01] => (item=polkitd:!!:19155::::::) 
2022-07-15 16:32:50,324 p=25505 u=devops n=ansible | skipping: [node01] => (item=unbound:!!:19155::::::) 
2022-07-15 16:32:50,333 p=25505 u=devops n=ansible | skipping: [node01] => (item=libstoragemgmt:!!:19155::::::) 
2022-07-15 16:32:50,348 p=25505 u=devops n=ansible | skipping: [node01] => (item=setroubleshoot:!!:19155::::::) 
2022-07-15 16:32:50,361 p=25505 u=devops n=ansible | skipping: [node01] => (item=cockpit-ws:!!:19155::::::) 
2022-07-15 16:32:50,371 p=25505 u=devops n=ansible | skipping: [node01] => (item=cockpit-wsinstance:!!:19155::::::) 
2022-07-15 16:32:50,381 p=25505 u=devops n=ansible | skipping: [node01] => (item=sssd:!!:19155::::::) 
2022-07-15 16:32:50,394 p=25505 u=devops n=ansible | skipping: [node01] => (item=clevis:!!:19155::::::) 
2022-07-15 16:32:50,411 p=25505 u=devops n=ansible | skipping: [node01] => (item=chrony:!!:19155::::::) 
2022-07-15 16:32:50,421 p=25505 u=devops n=ansible | skipping: [node01] => (item=sshd:!!:19155::::::) 
2022-07-15 16:32:50,434 p=25505 u=devops n=ansible | skipping: [node01] => (item=tcpdump:!!:19155::::::) 
2022-07-15 16:32:50,445 p=25505 u=devops n=ansible | skipping: [node01] => (item=apache:!!:19163::::::) 
2022-07-15 16:32:50,464 p=25505 u=devops n=ansible | skipping: [node01] => (item=devops:$6$eO6DvxJc3EXbhVR.$A.tmk02rLNNJLYY2KIVDfVWaAPbyd2E0Ucz9oS5INj88eRmTrYd3ntouOVpbEenVwG3PFyW8NzzKD3Bi7doWq/:19178:0:90:7:::) 
2022-07-15 16:32:50,472 p=25505 u=devops n=ansible | TASK [Creating] ***************************************************************************************************************************************************************************************************
2022-07-15 16:32:50,539 p=25505 u=devops n=ansible | ok: [node01] => {
    "msg": {
        "changed": false,
        "msg": "All items completed",
        "results": [
            {
                "ansible_loop_var": "item",
                "changed": false,
                "item": "root:$6$S7CTAu1KAcstUraB$AqNduOlYiwSSiGa6T6GHb273peHM75RK1HvtYFx2AnZ8EsHkYdmniqBVMiaYc2LWEXuCULepsk.2LwtLXABKZ.:19155:0:90:7:::",
                "skip_reason": "Conditional result was False",
                "skipped": true
            },
            {
                "ansible_loop_var": "item",
                "changed": false,
                "item": "bin:*:18397:0:99999:7:::",
                "skip_reason": "Conditional result was False",
                "skipped": true
            },
            {
                "ansible_loop_var": "item",
                "changed": false,
                "item": "daemon:*:18397:0:99999:7:::",
                "skip_reason": "Conditional result was False",
                "skipped": true
            },
            {
                "ansible_loop_var": "item",
                "changed": false,
                "item": "adm:*:18397:0:99999:7:::",
                "skip_reason": "Conditional result was False",
                "skipped": true
            },
            {
                "ansible_loop_var": "item",
                "changed": false,
                "item": "lp:*:18397:0:99999:7:::",
                "skip_reason": "Conditional result was False",
                "skipped": true
            },
            {
                "ansible_loop_var": "item",
                "changed": false,
                "item": "sync:*:18397:0:99999:7:::",
                "skip_reason": "Conditional result was False",
                "skipped": true
            },
            {
                "ansible_loop_var": "item",
                "changed": false,
                "item": "shutdown:*:18397:0:99999:7:::",
                "skip_reason": "Conditional result was False",
                "skipped": true
            },
            {
                "ansible_loop_var": "item",
                "changed": false,
                "item": "halt:*:18397:0:99999:7:::",
                "skip_reason": "Conditional result was False",
                "skipped": true
            },
            {
                "ansible_loop_var": "item",
                "changed": false,
                "item": "mail:*:18397:0:99999:7:::",
                "skip_reason": "Conditional result was False",
                "skipped": true
            },
            {
                "ansible_loop_var": "item",
                "changed": false,
                "item": "operator:*:18397:0:99999:7:::",
                "skip_reason": "Conditional result was False",
                "skipped": true
            },
            {
                "ansible_loop_var": "item",
                "changed": false,
                "item": "games:*:18397:0:99999:7:::",
                "skip_reason": "Conditional result was False",
                "skipped": true
            },
            {
                "ansible_loop_var": "item",
                "changed": false,
                "item": "ftp:*:18397:0:99999:7:::",
                "skip_reason": "Conditional result was False",
                "skipped": true
            },
            {
                "ansible_loop_var": "item",
                "changed": false,
                "item": "nobody:*:18397:0:99999:7:::",
                "skip_reason": "Conditional result was False",
                "skipped": true
            },
            {
                "ansible_loop_var": "item",
                "changed": false,
                "item": "dbus:!!:19155::::::",
                "skip_reason": "Conditional result was False",
                "skipped": true
            },
            {
                "ansible_loop_var": "item",
                "changed": false,
                "item": "systemd-coredump:!!:19155::::::",
                "skip_reason": "Conditional result was False",
                "skipped": true
            },
            {
                "ansible_loop_var": "item",
                "changed": false,
                "item": "systemd-resolve:!!:19155::::::",
                "skip_reason": "Conditional result was False",
                "skipped": true
            },
            {
                "ansible_loop_var": "item",
                "changed": false,
                "item": "tss:!!:19155::::::",
                "skip_reason": "Conditional result was False",
                "skipped": true
            },
            {
                "ansible_loop_var": "item",
                "changed": false,
                "item": "polkitd:!!:19155::::::",
                "skip_reason": "Conditional result was False",
                "skipped": true
            },
            {
                "ansible_loop_var": "item",
                "changed": false,
                "item": "unbound:!!:19155::::::",
                "skip_reason": "Conditional result was False",
                "skipped": true
            },
            {
                "ansible_loop_var": "item",
                "changed": false,
                "item": "libstoragemgmt:!!:19155::::::",
                "skip_reason": "Conditional result was False",
                "skipped": true
            },
            {
                "ansible_loop_var": "item",
                "changed": false,
                "item": "setroubleshoot:!!:19155::::::",
                "skip_reason": "Conditional result was False",
                "skipped": true
            },
            {
                "ansible_loop_var": "item",
                "changed": false,
                "item": "cockpit-ws:!!:19155::::::",
                "skip_reason": "Conditional result was False",
                "skipped": true
            },
            {
                "ansible_loop_var": "item",
                "changed": false,
                "item": "cockpit-wsinstance:!!:19155::::::",
                "skip_reason": "Conditional result was False",
                "skipped": true
            },
            {
                "ansible_loop_var": "item",
                "changed": false,
                "item": "sssd:!!:19155::::::",
                "skip_reason": "Conditional result was False",
                "skipped": true
            },
            {
                "ansible_loop_var": "item",
                "changed": false,
                "item": "clevis:!!:19155::::::",
                "skip_reason": "Conditional result was False",
                "skipped": true
            },
            {
                "ansible_loop_var": "item",
                "changed": false,
                "item": "chrony:!!:19155::::::",
                "skip_reason": "Conditional result was False",
                "skipped": true
            },
            {
                "ansible_loop_var": "item",
                "changed": false,
                "item": "sshd:!!:19155::::::",
                "skip_reason": "Conditional result was False",
                "skipped": true
            },
            {
                "ansible_loop_var": "item",
                "changed": false,
                "item": "tcpdump:!!:19155::::::",
                "skip_reason": "Conditional result was False",
                "skipped": true
            },
            {
                "ansible_loop_var": "item",
                "changed": false,
                "item": "apache:!!:19163::::::",
                "skip_reason": "Conditional result was False",
                "skipped": true
            },
            {
                "ansible_loop_var": "item",
                "changed": false,
                "item": "devops:$6$eO6DvxJc3EXbhVR.$A.tmk02rLNNJLYY2KIVDfVWaAPbyd2E0Ucz9oS5INj88eRmTrYd3ntouOVpbEenVwG3PFyW8NzzKD3Bi7doWq/:19178:0:90:7:::",
                "skip_reason": "Conditional result was False",
                "skipped": true
            }
        ]
    }
}
2022-07-15 16:32:50,543 p=25505 u=devops n=ansible | TASK [Backup original file /etc/shadow] ***************************************************************************************************************************************************************************
2022-07-15 16:32:50,593 p=25505 u=devops n=ansible | fatal: [node01]: FAILED! => {"msg": "The conditional check 'is_above_90 == true' failed. The error was: error while evaluating conditional (is_above_90 == true): 'is_above_90' is undefined\n\nThe error appears to be in '/home/devops/ansible/voya-csd/PasswordRequirements/PasswordRequirements-IZ.1.1.1.2.yml': line 29, column 5, but may\nbe elsewhere in the file depending on the exact syntax problem.\n\nThe offending line appears to be:\n\n\n  - name: Backup original file /etc/shadow\n    ^ here\n"}
2022-07-15 16:32:50,594 p=25505 u=devops n=ansible | PLAY RECAP ********************************************************************************************************************************************************************************************************
2022-07-15 16:32:50,595 p=25505 u=devops n=ansible | node01                     : ok=2    changed=1    unreachable=0    failed=1    skipped=1    rescued=0    ignored=0   
2022-07-15 16:45:11,743 p=27143 u=devops n=ansible | PLAY [Setting password age value to 90 in /etc/shadow] ********************************************************************************************
2022-07-15 16:45:11,781 p=27143 u=devops n=ansible | TASK [Seting vars] ********************************************************************************************************************************
2022-07-15 16:45:13,320 p=27143 u=devops n=ansible | changed: [node01]
2022-07-15 16:45:13,326 p=27143 u=devops n=ansible | TASK [Checking compliance] ************************************************************************************************************************
2022-07-15 16:45:13,384 p=27143 u=devops n=ansible | skipping: [node01] => (item=root:$6$S7CTAu1KAcstUraB$AqNduOlYiwSSiGa6T6GHb273peHM75RK1HvtYFx2AnZ8EsHkYdmniqBVMiaYc2LWEXuCULepsk.2LwtLXABKZ.:19155:0:90:7:::) 
2022-07-15 16:45:13,388 p=27143 u=devops n=ansible | skipping: [node01] => (item=bin:*:18397:0:99999:7:::) 
2022-07-15 16:45:13,393 p=27143 u=devops n=ansible | skipping: [node01] => (item=daemon:*:18397:0:99999:7:::) 
2022-07-15 16:45:13,398 p=27143 u=devops n=ansible | skipping: [node01] => (item=adm:*:18397:0:99999:7:::) 
2022-07-15 16:45:13,402 p=27143 u=devops n=ansible | skipping: [node01] => (item=lp:*:18397:0:99999:7:::) 
2022-07-15 16:45:13,406 p=27143 u=devops n=ansible | skipping: [node01] => (item=sync:*:18397:0:99999:7:::) 
2022-07-15 16:45:13,410 p=27143 u=devops n=ansible | skipping: [node01] => (item=shutdown:*:18397:0:99999:7:::) 
2022-07-15 16:45:13,414 p=27143 u=devops n=ansible | skipping: [node01] => (item=halt:*:18397:0:99999:7:::) 
2022-07-15 16:45:13,418 p=27143 u=devops n=ansible | skipping: [node01] => (item=mail:*:18397:0:99999:7:::) 
2022-07-15 16:45:13,423 p=27143 u=devops n=ansible | skipping: [node01] => (item=operator:*:18397:0:99999:7:::) 
2022-07-15 16:45:13,430 p=27143 u=devops n=ansible | skipping: [node01] => (item=games:*:18397:0:99999:7:::) 
2022-07-15 16:45:13,438 p=27143 u=devops n=ansible | skipping: [node01] => (item=ftp:*:18397:0:99999:7:::) 
2022-07-15 16:45:13,446 p=27143 u=devops n=ansible | skipping: [node01] => (item=nobody:*:18397:0:99999:7:::) 
2022-07-15 16:45:13,462 p=27143 u=devops n=ansible | skipping: [node01] => (item=dbus:!!:19155::::::) 
2022-07-15 16:45:13,478 p=27143 u=devops n=ansible | skipping: [node01] => (item=systemd-coredump:!!:19155::::::) 
2022-07-15 16:45:13,502 p=27143 u=devops n=ansible | skipping: [node01] => (item=systemd-resolve:!!:19155::::::) 
2022-07-15 16:45:13,514 p=27143 u=devops n=ansible | skipping: [node01] => (item=tss:!!:19155::::::) 
2022-07-15 16:45:13,535 p=27143 u=devops n=ansible | skipping: [node01] => (item=polkitd:!!:19155::::::) 
2022-07-15 16:45:13,557 p=27143 u=devops n=ansible | skipping: [node01] => (item=unbound:!!:19155::::::) 
2022-07-15 16:45:13,577 p=27143 u=devops n=ansible | skipping: [node01] => (item=libstoragemgmt:!!:19155::::::) 
2022-07-15 16:45:13,595 p=27143 u=devops n=ansible | skipping: [node01] => (item=setroubleshoot:!!:19155::::::) 
2022-07-15 16:45:13,608 p=27143 u=devops n=ansible | skipping: [node01] => (item=cockpit-ws:!!:19155::::::) 
2022-07-15 16:45:13,621 p=27143 u=devops n=ansible | skipping: [node01] => (item=cockpit-wsinstance:!!:19155::::::) 
2022-07-15 16:45:13,641 p=27143 u=devops n=ansible | skipping: [node01] => (item=sssd:!!:19155::::::) 
2022-07-15 16:45:13,658 p=27143 u=devops n=ansible | skipping: [node01] => (item=clevis:!!:19155::::::) 
2022-07-15 16:45:13,669 p=27143 u=devops n=ansible | skipping: [node01] => (item=chrony:!!:19155::::::) 
2022-07-15 16:45:13,677 p=27143 u=devops n=ansible | skipping: [node01] => (item=sshd:!!:19155::::::) 
2022-07-15 16:45:13,686 p=27143 u=devops n=ansible | skipping: [node01] => (item=tcpdump:!!:19155::::::) 
2022-07-15 16:45:13,693 p=27143 u=devops n=ansible | skipping: [node01] => (item=apache:!!:19163::::::) 
2022-07-15 16:45:13,713 p=27143 u=devops n=ansible | ok: [node01] => (item=devops:$6$eO6DvxJc3EXbhVR.$A.tmk02rLNNJLYY2KIVDfVWaAPbyd2E0Ucz9oS5INj88eRmTrYd3ntouOVpbEenVwG3PFyW8NzzKD3Bi7doWq/:19178:0:99999:7:::)
2022-07-15 16:45:13,719 p=27143 u=devops n=ansible | TASK [Backup original file /etc/shadow] ***********************************************************************************************************
2022-07-15 16:45:14,701 p=27143 u=devops n=ansible | changed: [node01]
2022-07-15 16:45:14,707 p=27143 u=devops n=ansible | TASK [Execute max_pass_age.sh shellscript] ********************************************************************************************************
2022-07-15 16:45:14,786 p=27143 u=devops n=ansible | skipping: [node01] => (item=root:$6$S7CTAu1KAcstUraB$AqNduOlYiwSSiGa6T6GHb273peHM75RK1HvtYFx2AnZ8EsHkYdmniqBVMiaYc2LWEXuCULepsk.2LwtLXABKZ.:19155:0:90:7:::) 
2022-07-15 16:45:14,790 p=27143 u=devops n=ansible | skipping: [node01] => (item=bin:*:18397:0:99999:7:::) 
2022-07-15 16:45:14,799 p=27143 u=devops n=ansible | skipping: [node01] => (item=daemon:*:18397:0:99999:7:::) 
2022-07-15 16:45:14,809 p=27143 u=devops n=ansible | skipping: [node01] => (item=adm:*:18397:0:99999:7:::) 
2022-07-15 16:45:14,815 p=27143 u=devops n=ansible | skipping: [node01] => (item=lp:*:18397:0:99999:7:::) 
2022-07-15 16:45:14,824 p=27143 u=devops n=ansible | skipping: [node01] => (item=sync:*:18397:0:99999:7:::) 
2022-07-15 16:45:14,832 p=27143 u=devops n=ansible | skipping: [node01] => (item=shutdown:*:18397:0:99999:7:::) 
2022-07-15 16:45:14,839 p=27143 u=devops n=ansible | skipping: [node01] => (item=halt:*:18397:0:99999:7:::) 
2022-07-15 16:45:14,851 p=27143 u=devops n=ansible | skipping: [node01] => (item=mail:*:18397:0:99999:7:::) 
2022-07-15 16:45:14,859 p=27143 u=devops n=ansible | skipping: [node01] => (item=operator:*:18397:0:99999:7:::) 
2022-07-15 16:45:14,868 p=27143 u=devops n=ansible | skipping: [node01] => (item=games:*:18397:0:99999:7:::) 
2022-07-15 16:45:14,879 p=27143 u=devops n=ansible | skipping: [node01] => (item=ftp:*:18397:0:99999:7:::) 
2022-07-15 16:45:14,884 p=27143 u=devops n=ansible | skipping: [node01] => (item=nobody:*:18397:0:99999:7:::) 
2022-07-15 16:45:14,897 p=27143 u=devops n=ansible | skipping: [node01] => (item=dbus:!!:19155::::::) 
2022-07-15 16:45:14,918 p=27143 u=devops n=ansible | skipping: [node01] => (item=systemd-coredump:!!:19155::::::) 
2022-07-15 16:45:14,930 p=27143 u=devops n=ansible | skipping: [node01] => (item=systemd-resolve:!!:19155::::::) 
2022-07-15 16:45:14,947 p=27143 u=devops n=ansible | skipping: [node01] => (item=tss:!!:19155::::::) 
2022-07-15 16:45:14,958 p=27143 u=devops n=ansible | skipping: [node01] => (item=polkitd:!!:19155::::::) 
2022-07-15 16:45:14,966 p=27143 u=devops n=ansible | skipping: [node01] => (item=unbound:!!:19155::::::) 
2022-07-15 16:45:14,983 p=27143 u=devops n=ansible | skipping: [node01] => (item=libstoragemgmt:!!:19155::::::) 
2022-07-15 16:45:14,993 p=27143 u=devops n=ansible | skipping: [node01] => (item=setroubleshoot:!!:19155::::::) 
2022-07-15 16:45:15,005 p=27143 u=devops n=ansible | skipping: [node01] => (item=cockpit-ws:!!:19155::::::) 
2022-07-15 16:45:15,016 p=27143 u=devops n=ansible | skipping: [node01] => (item=cockpit-wsinstance:!!:19155::::::) 
2022-07-15 16:45:15,028 p=27143 u=devops n=ansible | skipping: [node01] => (item=sssd:!!:19155::::::) 
2022-07-15 16:45:15,038 p=27143 u=devops n=ansible | skipping: [node01] => (item=clevis:!!:19155::::::) 
2022-07-15 16:45:15,051 p=27143 u=devops n=ansible | skipping: [node01] => (item=chrony:!!:19155::::::) 
2022-07-15 16:45:15,064 p=27143 u=devops n=ansible | skipping: [node01] => (item=sshd:!!:19155::::::) 
2022-07-15 16:45:15,074 p=27143 u=devops n=ansible | skipping: [node01] => (item=tcpdump:!!:19155::::::) 
2022-07-15 16:45:15,086 p=27143 u=devops n=ansible | skipping: [node01] => (item=apache:!!:19163::::::) 
2022-07-15 16:45:15,818 p=27143 u=devops n=ansible | changed: [node01] => (item=devops:$6$eO6DvxJc3EXbhVR.$A.tmk02rLNNJLYY2KIVDfVWaAPbyd2E0Ucz9oS5INj88eRmTrYd3ntouOVpbEenVwG3PFyW8NzzKD3Bi7doWq/:19178:0:99999:7:::)
2022-07-15 16:45:15,821 p=27143 u=devops n=ansible | PLAY RECAP ****************************************************************************************************************************************
2022-07-15 16:45:15,821 p=27143 u=devops n=ansible | node01                     : ok=4    changed=3    unreachable=0    failed=0    skipped=0    rescued=0    ignored=0   
2022-07-19 15:28:25,085 p=76813 u=rafael n=ansible | playbook: PasswordRequirements-IZ.1.1.1.2.yml
2022-07-19 15:28:30,805 p=76858 u=rafael n=ansible | PLAY [Setting password age value to 90 in /etc/shadow] **********************************************************************************************
2022-07-19 15:28:30,820 p=76858 u=rafael n=ansible | TASK [Seting vars] **********************************************************************************************************************************
2022-07-19 15:28:30,955 p=76858 u=rafael n=ansible | fatal: [node01]: UNREACHABLE! => {"changed": false, "msg": "Failed to connect to the host via ssh: devops@node01: Permission denied (publickey,gssapi-keyex,gssapi-with-mic,password).", "unreachable": true}
2022-07-19 15:28:30,957 p=76858 u=rafael n=ansible | PLAY RECAP ******************************************************************************************************************************************
2022-07-19 15:28:30,957 p=76858 u=rafael n=ansible | node01                     : ok=0    changed=0    unreachable=1    failed=0    skipped=0    rescued=0    ignored=0   
2022-07-19 15:28:42,310 p=76915 u=rafael n=ansible | node01 | UNREACHABLE! => {
    "changed": false,
    "msg": "Failed to connect to the host via ssh: devops@node01: Permission denied (publickey,gssapi-keyex,gssapi-with-mic,password).",
    "unreachable": true
}
2022-07-19 15:29:14,826 p=76996 u=rafael n=ansible | node01 | UNREACHABLE! => {
    "changed": false,
    "msg": "Invalid/incorrect password: Permission denied, please try again.",
    "unreachable": true
}
2022-07-19 15:30:32,119 p=77380 u=rafael n=ansible |  [ERROR]: User interrupted execution

2022-08-05 19:47:04,884 p=2062 u=ansible_user n=ansible | ERROR! the playbook: PasswordRequirements/PasswordRequirements-IZ.1.1.2.0.yml could not be found
2022-08-09 18:43:01,061 p=4759 u=ansible_user n=ansible | [WARNING]: Unable to parse /home/ansible_user/ansible/voya/PasswordRequirements/inv.ini as an inventory source

2022-08-09 18:43:01,061 p=4759 u=ansible_user n=ansible | [WARNING]: No inventory was parsed, only implicit localhost is available

2022-08-09 18:43:01,061 p=4759 u=ansible_user n=ansible | [WARNING]: provided hosts list is empty, only localhost is available. Note that the implicit localhost does not
match 'all'

2022-08-09 18:43:01,061 p=4759 u=ansible_user n=ansible | [WARNING]: Could not match supplied host pattern, ignoring: lab_1

2022-08-09 18:44:13,160 p=4810 u=ansible_user n=ansible | [WARNING]: Could not match supplied host pattern, ignoring: lab_1

2022-08-09 18:44:13,161 p=4810 u=ansible_user n=ansible | PLAY [Checking PASS_MIN_LEN, pam.d password complexity] *************************************************************
2022-08-09 18:44:13,161 p=4810 u=ansible_user n=ansible | skipping: no hosts matched
2022-08-09 18:44:13,161 p=4810 u=ansible_user n=ansible | PLAY RECAP **********************************************************************************************************
2022-08-09 18:44:43,286 p=4825 u=ansible_user n=ansible | PLAY [Checking PASS_MIN_LEN, pam.d password complexity] *************************************************************
2022-08-09 18:44:43,296 p=4825 u=ansible_user n=ansible | TASK [Verifying system-auth file] ***********************************************************************************
2022-08-09 18:44:43,403 p=4825 u=ansible_user n=ansible | fatal: [172.19.203.253]: UNREACHABLE! => {"changed": false, "msg": "Failed to connect to the host via ssh: Permission denied (publickey,gssapi-keyex,gssapi-with-mic,password).", "unreachable": true}
2022-08-09 18:44:43,404 p=4825 u=ansible_user n=ansible | PLAY RECAP **********************************************************************************************************
2022-08-09 18:44:43,404 p=4825 u=ansible_user n=ansible | 172.19.203.253             : ok=0    changed=0    unreachable=1    failed=0    skipped=0    rescued=0    ignored=0   
2022-08-09 18:49:42,497 p=4856 u=ansible_user n=ansible | [WARNING]: Could not match supplied host pattern, ignoring: lab_1

2022-08-09 18:49:42,498 p=4856 u=ansible_user n=ansible | PLAY [Checking PASS_MIN_LEN, pam.d password complexity] *************************************************************
2022-08-09 18:49:42,498 p=4856 u=ansible_user n=ansible | skipping: no hosts matched
2022-08-09 18:49:42,498 p=4856 u=ansible_user n=ansible | PLAY RECAP **********************************************************************************************************
2022-08-12 19:15:38,405 p=1665 u=ansible_user n=ansible | PLAY [Checking Last password change] ********************************************************************************
2022-08-12 19:15:38,418 p=1665 u=ansible_user n=ansible | TASK [Retrieving curent date] ***************************************************************************************
2022-08-12 19:15:41,272 p=1665 u=ansible_user n=ansible | fatal: [node01]: UNREACHABLE! => {"changed": false, "msg": "Failed to connect to the host via ssh: ssh: Could not resolve hostname node01: Name or service not known", "unreachable": true}
2022-08-12 19:15:41,273 p=1665 u=ansible_user n=ansible | PLAY RECAP **********************************************************************************************************
2022-08-12 19:15:41,273 p=1665 u=ansible_user n=ansible | node01                     : ok=0    changed=0    unreachable=1    failed=0    skipped=0    rescued=0    ignored=0   
2022-08-12 19:18:08,613 p=1699 u=ansible_user n=ansible | PLAY [Checking Last password change] ********************************************************************************
2022-08-12 19:18:08,622 p=1699 u=ansible_user n=ansible | TASK [Retrieving curent date] ***************************************************************************************
2022-08-12 19:18:11,120 p=1699 u=ansible_user n=ansible | fatal: [node01]: UNREACHABLE! => {"changed": false, "msg": "Failed to connect to the host via ssh: ssh: Could not resolve hostname node01: Name or service not known", "unreachable": true}
2022-08-12 19:18:11,122 p=1699 u=ansible_user n=ansible | PLAY RECAP **********************************************************************************************************
2022-08-12 19:18:11,123 p=1699 u=ansible_user n=ansible | node01                     : ok=0    changed=0    unreachable=1    failed=0    skipped=0    rescued=0    ignored=0   
2022-08-12 19:21:54,075 p=1759 u=ansible_user n=ansible | PLAY [Checking Last password change] ********************************************************************************
2022-08-12 19:21:54,086 p=1759 u=ansible_user n=ansible | TASK [Retrieving curent date] ***************************************************************************************
2022-08-12 19:21:54,197 p=1759 u=ansible_user n=ansible | fatal: [node01]: UNREACHABLE! => {"changed": false, "msg": "Failed to connect to the host via ssh: Warning: Permanently added 'node01' (ECDSA) to the list of known hosts.\r\nPermission denied (publickey,gssapi-keyex,gssapi-with-mic,password).", "unreachable": true}
2022-08-12 19:21:54,198 p=1759 u=ansible_user n=ansible | PLAY RECAP **********************************************************************************************************
2022-08-12 19:21:54,198 p=1759 u=ansible_user n=ansible | node01                     : ok=0    changed=0    unreachable=1    failed=0    skipped=0    rescued=0    ignored=0   
2022-08-12 19:23:10,449 p=1839 u=ansible_user n=ansible | PLAY [Checking Last password change] ********************************************************************************
2022-08-12 19:23:10,459 p=1839 u=ansible_user n=ansible | TASK [Retrieving curent date] ***************************************************************************************
2022-08-12 19:23:10,563 p=1839 u=ansible_user n=ansible | fatal: [node01]: UNREACHABLE! => {"changed": false, "msg": "Failed to connect to the host via ssh: Permission denied (publickey,gssapi-keyex,gssapi-with-mic,password).", "unreachable": true}
2022-08-12 19:23:10,565 p=1839 u=ansible_user n=ansible | PLAY RECAP **********************************************************************************************************
2022-08-12 19:23:10,566 p=1839 u=ansible_user n=ansible | node01                     : ok=0    changed=0    unreachable=1    failed=0    skipped=0    rescued=0    ignored=0   
2022-08-12 19:25:21,570 p=1879 u=ansible_user n=ansible | PLAY [Checking Last password change] ********************************************************************************
2022-08-12 19:25:21,581 p=1879 u=ansible_user n=ansible | TASK [Retrieving curent date] ***************************************************************************************
2022-08-12 19:25:21,680 p=1879 u=ansible_user n=ansible | fatal: [node01]: UNREACHABLE! => {"changed": false, "msg": "Failed to connect to the host via ssh: Permission denied (publickey,gssapi-keyex,gssapi-with-mic,password).", "unreachable": true}
2022-08-12 19:25:21,681 p=1879 u=ansible_user n=ansible | PLAY RECAP **********************************************************************************************************
2022-08-12 19:25:21,681 p=1879 u=ansible_user n=ansible | node01                     : ok=0    changed=0    unreachable=1    failed=0    skipped=0    rescued=0    ignored=0   
2022-08-12 19:25:55,920 p=1894 u=ansible_user n=ansible | [WARNING]: Unable to parse /home/ansible_user/ansible/voya/PasswordRequirements/inv.ini as an inventory source

2022-08-12 19:25:55,921 p=1894 u=ansible_user n=ansible | [WARNING]: No inventory was parsed, only implicit localhost is available

2022-08-12 19:25:55,921 p=1894 u=ansible_user n=ansible | [WARNING]: provided hosts list is empty, only localhost is available. Note that the implicit localhost does not
match 'all'

2022-08-12 19:25:55,921 p=1894 u=ansible_user n=ansible | [WARNING]: Could not match supplied host pattern, ignoring: lab

2022-08-23 19:37:51,648 p=1802 u=ansible_user n=ansible | ERROR! We were unable to read either as JSON nor YAML, these are the errors we got from each:
JSON: No JSON object could be decoded

Syntax Error while loading YAML.
  did not find expected '-' indicator

The error appears to be in '/home/ansible_user/ansible/voya/PasswordRequirements/PasswordRequirements-IZ.1.1.3.2.yml': line 12, column 2, but may
be elsewhere in the file depending on the exact syntax problem.

The offending line appears to be:


 - name: Checking compliance
 ^ here

2022-08-23 19:38:52,646 p=1811 u=ansible_user n=ansible | ERROR! We were unable to read either as JSON nor YAML, these are the errors we got from each:
JSON: No JSON object could be decoded

Syntax Error while loading YAML.
  did not find expected '-' indicator

The error appears to be in '/home/ansible_user/ansible/voya/PasswordRequirements/PasswordRequirements-IZ.1.1.3.2.yml': line 12, column 2, but may
be elsewhere in the file depending on the exact syntax problem.

The offending line appears to be:


 - name: Checking compliance
 ^ here

2022-08-23 19:39:44,600 p=1821 u=ansible_user n=ansible | ERROR! unexpected parameter type in action: <type 'bool'>

The error appears to be in '/home/ansible_user/ansible/voya/PasswordRequirements/PasswordRequirements-IZ.1.1.3.2.yml': line 12, column 5, but may
be elsewhere in the file depending on the exact syntax problem.

The offending line appears to be:


  - name: Checking compliance
    ^ here

2022-08-23 19:41:12,388 p=1831 u=ansible_user n=ansible | playbook: PasswordRequirements-IZ.1.1.3.2.yml
2022-08-23 19:41:16,132 p=1840 u=ansible_user n=ansible | playbook: PasswordRequirements-IZ.1.1.3.2.yml
2022-08-23 19:41:22,821 p=1849 u=ansible_user n=ansible | PLAY [Setting the per-userid minimum number of days = "1" in /etc/shadow] ********************
2022-08-23 19:41:22,837 p=1849 u=ansible_user n=ansible | TASK [Verify file /etc/shadow] ***************************************************************
2022-08-23 19:41:32,871 p=1849 u=ansible_user n=ansible | fatal: [node01]: UNREACHABLE! => {"changed": false, "msg": "Failed to connect to the host via ssh: ssh: connect to host node01 port 22: Connection timed out", "unreachable": true}
2022-08-23 19:41:32,872 p=1849 u=ansible_user n=ansible | PLAY RECAP ***********************************************************************************
2022-08-23 19:41:32,873 p=1849 u=ansible_user n=ansible | node01                     : ok=0    changed=0    unreachable=1    failed=0    skipped=0    rescued=0    ignored=0   
2022-08-23 19:43:16,354 p=1871 u=ansible_user n=ansible | PLAY [Setting the per-userid minimum number of days = "1" in /etc/shadow] ********************
2022-08-23 19:43:16,364 p=1871 u=ansible_user n=ansible | TASK [Verify file /etc/shadow] ***************************************************************
2022-08-23 19:43:24,205 p=1871 u=ansible_user n=ansible |  [ERROR]: User interrupted execution

2022-08-23 19:43:54,026 p=1883 u=ansible_user n=ansible | node01 | UNREACHABLE! => {
    "changed": false, 
    "msg": "Failed to connect to the host via ssh: ssh: connect to host node01 port 22: Connection timed out", 
    "unreachable": true
}
